TN:
SF:src/AbiEncoder.sol
DA:12,7
FN:12,AbiEncoder.createPoolId
FNDA:7,AbiEncoder.createPoolId
DA:17,7
DA:19,7
DA:32,1
FN:32,AbiEncoder.encodeTrandingPosition
FNDA:1,AbiEncoder.encodeTrandingPosition
DA:39,1
DA:47,1
DA:57,2
FN:57,AbiEncoder.encodeSwapData
FNDA:2,AbiEncoder.encodeSwapData
DA:62,2
BRDA:62,0,0,1
BRDA:62,0,1,1
DA:64,1
DA:65,1
DA:66,2
DA:69,1
DA:70,1
DA:71,2
DA:75,1
DA:85,12
FN:85,AbiEncoder.sortTokens
FNDA:12,AbiEncoder.sortTokens
DA:89,12
BRDA:89,1,0,1
BRDA:89,1,1,11
DA:90,11
BRDA:90,2,0,2
BRDA:90,2,1,9
DA:92,9
DA:109,1
FN:109,AbiEncoder.encodeLimitOrder
FNDA:1,AbiEncoder.encodeLimitOrder
DA:118,1
DA:130,1
DA:141,1
FN:141,AbiEncoder.encodeYieldPosition
FNDA:1,AbiEncoder.encodeYieldPosition
DA:147,1
DA:165,1
FN:165,AbiEncoder.encodeFlashLoanData
FNDA:1,AbiEncoder.encodeFlashLoanData
DA:170,1
DA:186,1
FN:186,AbiEncoder.encodeStakingPoolConfig
FNDA:1,AbiEncoder.encodeStakingPoolConfig
DA:192,1
DA:207,1
FN:207,AbiEncoder.createUserMultiPoolHash
FNDA:1,AbiEncoder.createUserMultiPoolHash
DA:211,1
DA:213,1
DA:214,2
DA:217,1
DA:218,1
DA:228,2
FN:228,AbiEncoder.encodeYieldStrategy
FNDA:2,AbiEncoder.encodeYieldStrategy
DA:233,2
BRDA:233,3,0,1
BRDA:233,3,1,1
DA:236,1
DA:239,1
DA:240,1
DA:241,2
DA:245,1
DA:246,1
DA:247,2
DA:251,1
DA:268,1
FN:268,AbiEncoder.encodeCrossChainBridgeData
FNDA:1,AbiEncoder.encodeCrossChainBridgeData
DA:275,1
DA:293,1
FN:293,AbiEncoder.createDeFiTransactionId
FNDA:1,AbiEncoder.createDeFiTransactionId
DA:299,1
DA:313,1
FN:313,AbiEncoder.encodeStopLossOrder
FNDA:1,AbiEncoder.encodeStopLossOrder
DA:320,1
DA:338,1
FN:338,AbiEncoder.encodeTakeProfitOrder
FNDA:1,AbiEncoder.encodeTakeProfitOrder
DA:344,1
DA:362,1
FN:362,AbiEncoder.encodeTrailingStopOrder
FNDA:1,AbiEncoder.encodeTrailingStopOrder
DA:369,1
FNF:15
FNH:15
LF:54
LH:54
BRF:8
BRH:8
end_of_record
